20190329-143046.608 [INFO] [http-nio-2001-exec-3] [c2be360f-538e-485d-af4d-c3fc52d76c10] LoggerAspect - redis-service receive request, url: /student/findById, method: GET, params: {"key":["5c64d2b182f213dfccb28254"],"traceId":["c2be360f-538e-485d-af4d-c3fc52d76c10"]}
20190329-143046.634 [INFO] [http-nio-2001-exec-3] [c2be360f-538e-485d-af4d-c3fc52d76c10] LoggerAspect - redis-service response,reulst: {"age":24,"id":"5c64d2b182f213dfccb28254","name":"xjj","number":"13122772950","school":"hkd"},cost: 26 
20190329-143229.146 [INFO] [main] [] XhqServiceApplication - The following profiles are active: xhq-service
20190329-143235.965 [INFO] [main] [] XhqServiceApplication - Started XhqServiceApplication in 9.438 seconds (JVM running for 10.295)
20190329-143302.230 [INFO] [http-nio-2001-exec-1] [150a9039-e163-4e1d-9d44-6f0665d1e361] LoggerAspect - redis-service receive request, url: /student/findById, method: GET, params: {"key":["5c64d2b182f213dfccb28254"],"traceId":["150a9039-e163-4e1d-9d44-6f0665d1e361"]}
20190329-143302.490 [INFO] [http-nio-2001-exec-1] [150a9039-e163-4e1d-9d44-6f0665d1e361] LoggerAspect - redis-service response,reulst: {"age":24,"id":"5c64d2b182f213dfccb28254","name":"xjj","number":"13122772950","school":"hkd"},cost: 252 
20190329-143319.572 [INFO] [http-nio-2001-exec-3] [ea85c5bc-0ed7-400a-b711-7fb69da41ef6] LoggerAspect - redis-service receive request, url: /student/findById, method: GET, params: {"key":["5c64d2b182f213dfccb28254"],"traceId":["ea85c5bc-0ed7-400a-b711-7fb69da41ef6"]}
20190329-143319.586 [INFO] [http-nio-2001-exec-3] [ea85c5bc-0ed7-400a-b711-7fb69da41ef6] LoggerAspect - redis-service response,reulst: {"age":24,"id":"5c64d2b182f213dfccb28254","name":"xjj","number":"13122772950","school":"hkd"},cost: 14 
20190329-143321.603 [INFO] [http-nio-2001-exec-4] [95d341d2-7ec2-4a48-9f83-ff5e5a16100d] LoggerAspect - redis-service receive request, url: /student/findById, method: GET, params: {"key":["5c64d2b182f213dfccb28254"],"traceId":["95d341d2-7ec2-4a48-9f83-ff5e5a16100d"]}
20190329-143321.611 [INFO] [http-nio-2001-exec-4] [95d341d2-7ec2-4a48-9f83-ff5e5a16100d] LoggerAspect - redis-service response,reulst: {"age":24,"id":"5c64d2b182f213dfccb28254","name":"xjj","number":"13122772950","school":"hkd"},cost: 8 
20190329-143421.922 [INFO] [http-nio-2001-exec-6] [e764694c-a2ce-43c4-b6d9-88ad1b6bca56] LoggerAspect - redis-service receive request, url: /student/findById, method: GET, params: {"key":["5c64d2b182f213dfccb28254"],"traceId":["e764694c-a2ce-43c4-b6d9-88ad1b6bca56"]}
20190329-143421.933 [INFO] [http-nio-2001-exec-6] [e764694c-a2ce-43c4-b6d9-88ad1b6bca56] LoggerAspect - redis-service response,reulst: {"age":24,"id":"5c64d2b182f213dfccb28254","name":"xjj","number":"13122772950","school":"hkd"},cost: 10 
20190329-143423.437 [INFO] [http-nio-2001-exec-7] [14e96326-c01e-4f16-9d05-8a43c4fd67e6] LoggerAspect - redis-service receive request, url: /student/findById, method: GET, params: {"key":["5c64d2b182f213dfccb28254"],"traceId":["14e96326-c01e-4f16-9d05-8a43c4fd67e6"]}
20190329-143423.453 [INFO] [http-nio-2001-exec-7] [14e96326-c01e-4f16-9d05-8a43c4fd67e6] LoggerAspect - redis-service response,reulst: {"age":24,"id":"5c64d2b182f213dfccb28254","name":"xjj","number":"13122772950","school":"hkd"},cost: 15 
20190329-143424.027 [INFO] [http-nio-2001-exec-8] [bce125f1-f6c8-40fa-bc7a-7329743d7818] LoggerAspect - redis-service receive request, url: /student/findById, method: GET, params: {"key":["5c64d2b182f213dfccb28254"],"traceId":["bce125f1-f6c8-40fa-bc7a-7329743d7818"]}
20190329-143424.034 [INFO] [http-nio-2001-exec-8] [bce125f1-f6c8-40fa-bc7a-7329743d7818] LoggerAspect - redis-service response,reulst: {"age":24,"id":"5c64d2b182f213dfccb28254","name":"xjj","number":"13122772950","school":"hkd"},cost: 6 
20190329-143424.518 [INFO] [http-nio-2001-exec-9] [eb9a53cb-ed8e-4acf-8c21-bba2071746ac] LoggerAspect - redis-service receive request, url: /student/findById, method: GET, params: {"key":["5c64d2b182f213dfccb28254"],"traceId":["eb9a53cb-ed8e-4acf-8c21-bba2071746ac"]}
20190329-143424.526 [INFO] [http-nio-2001-exec-9] [eb9a53cb-ed8e-4acf-8c21-bba2071746ac] LoggerAspect - redis-service response,reulst: {"age":24,"id":"5c64d2b182f213dfccb28254","name":"xjj","number":"13122772950","school":"hkd"},cost: 7 
20190329-143424.986 [INFO] [http-nio-2001-exec-10] [358cc40f-43f6-4a0c-aa41-6131ca95e5ed] LoggerAspect - redis-service receive request, url: /student/findById, method: GET, params: {"key":["5c64d2b182f213dfccb28254"],"traceId":["358cc40f-43f6-4a0c-aa41-6131ca95e5ed"]}
20190329-143425.000 [INFO] [http-nio-2001-exec-10] [358cc40f-43f6-4a0c-aa41-6131ca95e5ed] LoggerAspect - redis-service response,reulst: {"age":24,"id":"5c64d2b182f213dfccb28254","name":"xjj","number":"13122772950","school":"hkd"},cost: 14 
20190329-143425.366 [INFO] [http-nio-2001-exec-1] [7e7add40-eef6-404e-895c-f952e78828c1] LoggerAspect - redis-service receive request, url: /student/findById, method: GET, params: {"key":["5c64d2b182f213dfccb28254"],"traceId":["7e7add40-eef6-404e-895c-f952e78828c1"]}
20190329-143425.375 [INFO] [http-nio-2001-exec-1] [7e7add40-eef6-404e-895c-f952e78828c1] LoggerAspect - redis-service response,reulst: {"age":24,"id":"5c64d2b182f213dfccb28254","name":"xjj","number":"13122772950","school":"hkd"},cost: 6 
20190329-143425.994 [INFO] [http-nio-2001-exec-2] [1a66c04a-e0c9-4608-bd37-4a828ed48459] LoggerAspect - redis-service receive request, url: /student/findById, method: GET, params: {"key":["5c64d2b182f213dfccb28254"],"traceId":["1a66c04a-e0c9-4608-bd37-4a828ed48459"]}
20190329-143426.002 [INFO] [http-nio-2001-exec-2] [1a66c04a-e0c9-4608-bd37-4a828ed48459] LoggerAspect - redis-service response,reulst: {"age":24,"id":"5c64d2b182f213dfccb28254","name":"xjj","number":"13122772950","school":"hkd"},cost: 7 
20190329-143503.085 [INFO] [main] [] XhqServiceApplication - The following profiles are active: xhq-service
20190329-143509.728 [INFO] [main] [] XhqServiceApplication - Started XhqServiceApplication in 9.563 seconds (JVM running for 10.422)
20190329-143513.865 [INFO] [http-nio-2001-exec-1] [fde22cdb-1c31-4d65-bbfc-1285a72b2db6] LoggerAspect - redis-service receive request, url: /student/findById, method: GET, params: {"key":["5c64d2b182f213dfccb28254"],"traceId":["fde22cdb-1c31-4d65-bbfc-1285a72b2db6"]}
20190329-143514.079 [INFO] [HystrixTimer-1] [] RedisClientFallBack - redis service now is not ok,please check redis-service key=5c64d2b182f213dfccb28254
20190329-143514.083 [INFO] [http-nio-2001-exec-1] [fde22cdb-1c31-4d65-bbfc-1285a72b2db6] LoggerAspect - redis-service response,reulst: null,cost: 218 
20190329-143647.491 [INFO] [http-nio-2001-exec-3] [e3e1bd60-818f-47a4-8716-4debec5a319f] LoggerAspect - redis-service receive request, url: /student/findByName, method: GET, params: {"name":["xjj"],"traceId":["e3e1bd60-818f-47a4-8716-4debec5a319f"]}
20190329-143647.491 [INFO] [http-nio-2001-exec-3] [e3e1bd60-818f-47a4-8716-4debec5a319f] StudentController - get student from mongodb keywords = xjj
20190329-143647.572 [INFO] [http-nio-2001-exec-3] [e3e1bd60-818f-47a4-8716-4debec5a319f] StudentController - get student from mongodb Student = Student [id=5c64d2b182f213dfccb28254, name=xjj, school=hkd, number=13122772950, age=24]
20190329-143647.603 [INFO] [HystrixTimer-1] [] RedisClientFallBack - redis service now is not ok,please check redis-service key=5c64d2b182f213dfccb28254
20190329-143647.604 [INFO] [http-nio-2001-exec-3] [e3e1bd60-818f-47a4-8716-4debec5a319f] LoggerAspect - redis-service response,reulst: {"age":24,"id":"5c64d2b182f213dfccb28254","name":"xjj","number":"13122772950","school":"hkd"},cost: 112 
