20190329-143046.599 [INFO] [http-nio-3001-exec-10] [c2be360f-538e-485d-af4d-c3fc52d76c10] StudentController - xhq-interface receive request, url: /getStudentById, method: GET, params: {"key":["5c64d2b182f213dfccb28254"]}
20190329-143046.640 [INFO] [http-nio-3001-exec-10] [c2be360f-538e-485d-af4d-c3fc52d76c10] StudentController - xhq-interface response,reulst: "{\"id\":\"5c64d2b182f213dfccb28254\",\"name\":\"xjj\",\"school\":\"hkd\",\"number\":\"13122772950\",\"age\":24}",cost: 40 
20190329-143301.928 [INFO] [http-nio-3001-exec-3] [150a9039-e163-4e1d-9d44-6f0665d1e361] StudentController - xhq-interface receive request, url: /getStudentById, method: GET, params: {"key":["5c64d2b182f213dfccb28254"]}
20190329-143302.512 [INFO] [http-nio-3001-exec-3] [150a9039-e163-4e1d-9d44-6f0665d1e361] StudentController - xhq-interface response,reulst: "{\"id\":\"5c64d2b182f213dfccb28254\",\"name\":\"xjj\",\"school\":\"hkd\",\"number\":\"13122772950\",\"age\":24}",cost: 584 
20190329-143319.564 [INFO] [http-nio-3001-exec-5] [ea85c5bc-0ed7-400a-b711-7fb69da41ef6] StudentController - xhq-interface receive request, url: /getStudentById, method: GET, params: {"key":["5c64d2b182f213dfccb28254"]}
20190329-143319.591 [INFO] [http-nio-3001-exec-5] [ea85c5bc-0ed7-400a-b711-7fb69da41ef6] StudentController - xhq-interface response,reulst: "{\"id\":\"5c64d2b182f213dfccb28254\",\"name\":\"xjj\",\"school\":\"hkd\",\"number\":\"13122772950\",\"age\":24}",cost: 26 
20190329-143321.594 [INFO] [http-nio-3001-exec-6] [95d341d2-7ec2-4a48-9f83-ff5e5a16100d] StudentController - xhq-interface receive request, url: /getStudentById, method: GET, params: {"key":["5c64d2b182f213dfccb28254"]}
20190329-143321.619 [INFO] [http-nio-3001-exec-6] [95d341d2-7ec2-4a48-9f83-ff5e5a16100d] StudentController - xhq-interface response,reulst: "{\"id\":\"5c64d2b182f213dfccb28254\",\"name\":\"xjj\",\"school\":\"hkd\",\"number\":\"13122772950\",\"age\":24}",cost: 25 
20190329-143421.917 [INFO] [http-nio-3001-exec-9] [e764694c-a2ce-43c4-b6d9-88ad1b6bca56] StudentController - xhq-interface receive request, url: /getStudentById, method: GET, params: {"key":["5c64d2b182f213dfccb28254"]}
20190329-143421.936 [INFO] [http-nio-3001-exec-9] [e764694c-a2ce-43c4-b6d9-88ad1b6bca56] StudentController - xhq-interface response,reulst: "{\"id\":\"5c64d2b182f213dfccb28254\",\"name\":\"xjj\",\"school\":\"hkd\",\"number\":\"13122772950\",\"age\":24}",cost: 19 
20190329-143423.432 [INFO] [http-nio-3001-exec-10] [14e96326-c01e-4f16-9d05-8a43c4fd67e6] StudentController - xhq-interface receive request, url: /getStudentById, method: GET, params: {"key":["5c64d2b182f213dfccb28254"]}
20190329-143423.457 [INFO] [http-nio-3001-exec-10] [14e96326-c01e-4f16-9d05-8a43c4fd67e6] StudentController - xhq-interface response,reulst: "{\"id\":\"5c64d2b182f213dfccb28254\",\"name\":\"xjj\",\"school\":\"hkd\",\"number\":\"13122772950\",\"age\":24}",cost: 24 
20190329-143424.024 [INFO] [http-nio-3001-exec-1] [bce125f1-f6c8-40fa-bc7a-7329743d7818] StudentController - xhq-interface receive request, url: /getStudentById, method: GET, params: {"key":["5c64d2b182f213dfccb28254"]}
20190329-143424.037 [INFO] [http-nio-3001-exec-1] [bce125f1-f6c8-40fa-bc7a-7329743d7818] StudentController - xhq-interface response,reulst: "{\"id\":\"5c64d2b182f213dfccb28254\",\"name\":\"xjj\",\"school\":\"hkd\",\"number\":\"13122772950\",\"age\":24}",cost: 12 
20190329-143424.513 [INFO] [http-nio-3001-exec-2] [eb9a53cb-ed8e-4acf-8c21-bba2071746ac] StudentController - xhq-interface receive request, url: /getStudentById, method: GET, params: {"key":["5c64d2b182f213dfccb28254"]}
20190329-143424.529 [INFO] [http-nio-3001-exec-2] [eb9a53cb-ed8e-4acf-8c21-bba2071746ac] StudentController - xhq-interface response,reulst: "{\"id\":\"5c64d2b182f213dfccb28254\",\"name\":\"xjj\",\"school\":\"hkd\",\"number\":\"13122772950\",\"age\":24}",cost: 16 
20190329-143424.978 [INFO] [http-nio-3001-exec-3] [358cc40f-43f6-4a0c-aa41-6131ca95e5ed] StudentController - xhq-interface receive request, url: /getStudentById, method: GET, params: {"key":["5c64d2b182f213dfccb28254"]}
20190329-143425.004 [INFO] [http-nio-3001-exec-3] [358cc40f-43f6-4a0c-aa41-6131ca95e5ed] StudentController - xhq-interface response,reulst: "{\"id\":\"5c64d2b182f213dfccb28254\",\"name\":\"xjj\",\"school\":\"hkd\",\"number\":\"13122772950\",\"age\":24}",cost: 26 
20190329-143425.361 [INFO] [http-nio-3001-exec-4] [7e7add40-eef6-404e-895c-f952e78828c1] StudentController - xhq-interface receive request, url: /getStudentById, method: GET, params: {"key":["5c64d2b182f213dfccb28254"]}
20190329-143425.378 [INFO] [http-nio-3001-exec-4] [7e7add40-eef6-404e-895c-f952e78828c1] StudentController - xhq-interface response,reulst: "{\"id\":\"5c64d2b182f213dfccb28254\",\"name\":\"xjj\",\"school\":\"hkd\",\"number\":\"13122772950\",\"age\":24}",cost: 16 
20190329-143425.988 [INFO] [http-nio-3001-exec-5] [1a66c04a-e0c9-4608-bd37-4a828ed48459] StudentController - xhq-interface receive request, url: /getStudentById, method: GET, params: {"key":["5c64d2b182f213dfccb28254"]}
20190329-143426.009 [INFO] [http-nio-3001-exec-5] [1a66c04a-e0c9-4608-bd37-4a828ed48459] StudentController - xhq-interface response,reulst: "{\"id\":\"5c64d2b182f213dfccb28254\",\"name\":\"xjj\",\"school\":\"hkd\",\"number\":\"13122772950\",\"age\":24}",cost: 21 
20190329-143513.553 [INFO] [http-nio-3001-exec-7] [fde22cdb-1c31-4d65-bbfc-1285a72b2db6] StudentController - xhq-interface receive request, url: /getStudentById, method: GET, params: {"key":["5c64d2b182f213dfccb28254"]}
20190329-143514.096 [INFO] [http-nio-3001-exec-7] [fde22cdb-1c31-4d65-bbfc-1285a72b2db6] StudentController - xhq-interface response,reulst: null,cost: 543 
20190329-143647.473 [INFO] [http-nio-3001-exec-10] [e3e1bd60-818f-47a4-8716-4debec5a319f] StudentController - xhq-interface receive request, url: /getStudentByName, method: GET, params: {"name":["xjj"]}
20190329-143647.618 [INFO] [http-nio-3001-exec-10] [e3e1bd60-818f-47a4-8716-4debec5a319f] StudentController - xhq-interface response,reulst: "{\"id\":\"5c64d2b182f213dfccb28254\",\"name\":\"xjj\",\"school\":\"hkd\",\"number\":\"13122772950\",\"age\":24}",cost: 144 
